<?xml version="1.0" encoding="UTF-8"?>
<!-- Generated by org.testng.reporters.JUnitReportReporter -->
<testsuite hostname="DESKTOP-GLLCAO7" failures="0" tests="1" name="usertests.GetUserLogin_Test" time="0.809" errors="0" timestamp="2022-04-24T00:29:41 MSK" skipped="0">
  <testcase classname="usertests.GetUserLogin_Test" name="checkLoginUser" time="0.809"/>
  <system-out/>
</testsuite> <!-- usertests.GetUserLogin_Test -->
