<?xml version="1.0" encoding="UTF-8"?>
<!-- Generated by org.testng.reporters.JUnitReportReporter -->
<testsuite hostname="DESKTOP-GLLCAO7" failures="0" tests="1" name="usertests.DeleteUser_Test" time="2.790" errors="0" timestamp="2022-05-06T21:48:12 MSK" skipped="0">
  <testcase classname="usertests.DeleteUser_Test" name="checkDeleteUser" time="2.790"/>
  <system-out/>
</testsuite> <!-- usertests.DeleteUser_Test -->
