<?xml version="1.0" encoding="UTF-8"?>
<!-- Generated by org.testng.reporters.JUnitReportReporter -->
<testsuite hostname="DESKTOP-GLLCAO7" failures="0" tests="1" name="usertests.CreateUser_Test" time="2.870" errors="0" timestamp="2022-05-06T21:48:12 MSK" skipped="0">
  <testcase classname="usertests.CreateUser_Test" name="checkCreateUser" time="2.870"/>
  <system-out/>
</testsuite> <!-- usertests.CreateUser_Test -->
